<?xml version="1.0" encoding="UTF-8"?>
<coverage generated="1568239867316" clover="3.2.0">
  <project timestamp="1568239867316" name="All files">
    <metrics statements="26" coveredstatements="14" conditionals="4" coveredconditionals="0" methods="15" coveredmethods="6" elements="45" coveredelements="20" complexity="0" loc="26" ncloc="26" packages="2" files="4" classes="4"/>
    <package name="src">
      <metrics statements="10" coveredstatements="5" conditionals="4" coveredconditionals="0" methods="3" coveredmethods="1"/>
      <file name="utils.js" path="/Users/michelle.gu/IdeaProjects/onboarding-ui/src/utils.js">
        <metrics statements="10" coveredstatements="5" conditionals="4" coveredconditionals="0" methods="3" coveredmethods="1"/>
        <line num="4" count="3" type="stmt"/>
        <line num="5" count="3" type="stmt"/>
        <line num="6" count="3" type="stmt"/>
        <line num="7" count="0" type="cond" truecount="0" falsecount="4"/>
        <line num="8" count="0" type="stmt"/>
        <line num="9" count="0" type="stmt"/>
        <line num="12" count="3" type="stmt"/>
        <line num="13" count="0" type="stmt"/>
        <line num="14" count="0" type="stmt"/>
        <line num="16" count="3" type="stmt"/>
      </file>
    </package>
    <package name="src.jsx">
      <metrics statements="16" coveredstatements="9" conditionals="0" coveredconditionals="0" methods="12" coveredmethods="5"/>
      <file name="App.jsx" path="/Users/michelle.gu/IdeaProjects/onboarding-ui/src/jsx/App.jsx">
        <metrics statements="8" coveredstatements="5" conditionals="0" coveredconditionals="0" methods="6" coveredmethods="3"/>
        <line num="8" count="3" type="stmt"/>
        <line num="9" count="3" type="stmt"/>
        <line num="13" count="3" type="stmt"/>
        <line num="17" count="3" type="stmt"/>
        <line num="21" count="0" type="stmt"/>
        <line num="22" count="0" type="stmt"/>
        <line num="27" count="3" type="stmt"/>
        <line num="32" count="0" type="stmt"/>
      </file>
      <file name="Post.jsx" path="/Users/michelle.gu/IdeaProjects/onboarding-ui/src/jsx/Post.jsx">
        <metrics statements="4" coveredstatements="4" conditionals="0" coveredconditionals="0" methods="2" coveredmethods="2"/>
        <line num="3" count="2" type="stmt"/>
        <line num="8" count="1" type="stmt"/>
        <line num="10" count="1" type="stmt"/>
        <line num="14" count="1" type="stmt"/>
      </file>
      <file name="Timeline.jsx" path="/Users/michelle.gu/IdeaProjects/onboarding-ui/src/jsx/Timeline.jsx">
        <metrics statements="4" coveredstatements="0" conditionals="0" coveredconditionals="0" methods="4" coveredmethods="0"/>
        <line num="7" count="0" type="stmt"/>
        <line num="11" count="0" type="stmt"/>
        <line num="12" count="0" type="stmt"/>
        <line num="23" count="0" type="stmt"/>
      </file>
    </package>
  </project>
</coverage>
