{"/Users/michelle.gu/IdeaProjects/onboarding-ui/src/utils.js": {"path":"/Users/michelle.gu/IdeaProjects/onboarding-ui/src/utils.js","statementMap":{"0":{"start":{"line":4,"column":14},"end":{"line":4,"column":34}},"1":{"start":{"line":5,"column":4},"end":{"line":5,"column":76}},"2":{"start":{"line":6,"column":4},"end":{"line":11,"column":6}},"3":{"start":{"line":7,"column":8},"end":{"line":10,"column":9}},"4":{"start":{"line":8,"column":31},"end":{"line":8,"column":68}},"5":{"start":{"line":9,"column":12},"end":{"line":9,"column":38}},"6":{"start":{"line":12,"column":4},"end":{"line":15,"column":6}},"7":{"start":{"line":13,"column":8},"end":{"line":13,"column":61}},"8":{"start":{"line":14,"column":8},"end":{"line":14,"column":118}},"9":{"start":{"line":16,"column":4},"end":{"line":16,"column":15}}},"fnMap":{"0":{"name":"fetchTimeline","decl":{"start":{"line":3,"column":16},"end":{"line":3,"column":29}},"loc":{"start":{"line":3,"column":43},"end":{"line":17,"column":1}},"line":3},"1":{"name":"(anonymous_1)","decl":{"start":{"line":6,"column":29},"end":{"line":6,"column":30}},"loc":{"start":{"line":6,"column":35},"end":{"line":11,"column":5}},"line":6},"2":{"name":"(anonymous_2)","decl":{"start":{"line":12,"column":18},"end":{"line":12,"column":19}},"loc":{"start":{"line":12,"column":24},"end":{"line":15,"column":5}},"line":12}},"branchMap":{"0":{"loc":{"start":{"line":7,"column":8},"end":{"line":10,"column":9}},"type":"if","locations":[{"start":{"line":7,"column":8},"end":{"line":10,"column":9}},{"start":{"line":7,"column":8},"end":{"line":10,"column":9}}],"line":7},"1":{"loc":{"start":{"line":7,"column":12},"end":{"line":7,"column":70}},"type":"binary-expr","locations":[{"start":{"line":7,"column":12},"end":{"line":7,"column":49}},{"start":{"line":7,"column":53},"end":{"line":7,"column":70}}],"line":7}},"s":{"0":3,"1":3,"2":3,"3":0,"4":0,"5":0,"6":3,"7":0,"8":0,"9":3},"f":{"0":3,"1":0,"2":0},"b":{"0":[0,0],"1":[0,0]},"_coverageSchema":"43e27e138ebf9cfc5966b082cf9a028302ed4184","hash":"c710f734479a5cd3bd9dc54088b0751352f2a9b2"}
,"/Users/michelle.gu/IdeaProjects/onboarding-ui/src/jsx/App.jsx": {"path":"/Users/michelle.gu/IdeaProjects/onboarding-ui/src/jsx/App.jsx","statementMap":{"0":{"start":{"line":8,"column":8},"end":{"line":8,"column":16}},"1":{"start":{"line":9,"column":8},"end":{"line":11,"column":10}},"2":{"start":{"line":13,"column":8},"end":{"line":13,"column":55}},"3":{"start":{"line":17,"column":8},"end":{"line":17,"column":40}},"4":{"start":{"line":21,"column":8},"end":{"line":23,"column":11}},"5":{"start":{"line":22,"column":12},"end":{"line":22,"column":44}},"6":{"start":{"line":27,"column":8},"end":{"line":39,"column":10}},"7":{"start":{"line":32,"column":98},"end":{"line":32,"column":129}}},"fnMap":{"0":{"name":"(anonymous_0)","decl":{"start":{"line":7,"column":4},"end":{"line":7,"column":5}},"loc":{"start":{"line":7,"column":18},"end":{"line":14,"column":5}},"line":7},"1":{"name":"(anonymous_1)","decl":{"start":{"line":16,"column":4},"end":{"line":16,"column":5}},"loc":{"start":{"line":16,"column":24},"end":{"line":18,"column":5}},"line":16},"2":{"name":"(anonymous_2)","decl":{"start":{"line":20,"column":4},"end":{"line":20,"column":5}},"loc":{"start":{"line":20,"column":29},"end":{"line":24,"column":5}},"line":20},"3":{"name":"(anonymous_3)","decl":{"start":{"line":21,"column":22},"end":{"line":21,"column":23}},"loc":{"start":{"line":21,"column":44},"end":{"line":23,"column":9}},"line":21},"4":{"name":"(anonymous_4)","decl":{"start":{"line":26,"column":4},"end":{"line":26,"column":5}},"loc":{"start":{"line":26,"column":13},"end":{"line":40,"column":5}},"line":26},"5":{"name":"(anonymous_5)","decl":{"start":{"line":32,"column":91},"end":{"line":32,"column":92}},"loc":{"start":{"line":32,"column":98},"end":{"line":32,"column":129}},"line":32}},"branchMap":{},"s":{"0":3,"1":3,"2":3,"3":3,"4":0,"5":0,"6":3,"7":0},"f":{"0":3,"1":3,"2":0,"3":0,"4":3,"5":0},"b":{},"_coverageSchema":"43e27e138ebf9cfc5966b082cf9a028302ed4184","hash":"89a78b2b3e0450442d300343864adbbd99856f94"}
,"/Users/michelle.gu/IdeaProjects/onboarding-ui/src/jsx/Post.jsx": {"path":"/Users/michelle.gu/IdeaProjects/onboarding-ui/src/jsx/Post.jsx","statementMap":{"0":{"start":{"line":3,"column":16},"end":{"line":3,"column":50}},"1":{"start":{"line":8,"column":6},"end":{"line":8,"column":19}},"2":{"start":{"line":10,"column":6},"end":{"line":10,"column":91}},"3":{"start":{"line":14,"column":6},"end":{"line":29,"column":8}}},"fnMap":{"0":{"name":"(anonymous_0)","decl":{"start":{"line":7,"column":4},"end":{"line":7,"column":5}},"loc":{"start":{"line":7,"column":23},"end":{"line":11,"column":5}},"line":7},"1":{"name":"(anonymous_1)","decl":{"start":{"line":13,"column":4},"end":{"line":13,"column":5}},"loc":{"start":{"line":13,"column":13},"end":{"line":30,"column":5}},"line":13}},"branchMap":{},"s":{"0":2,"1":1,"2":1,"3":1},"f":{"0":1,"1":1},"b":{},"_coverageSchema":"43e27e138ebf9cfc5966b082cf9a028302ed4184","hash":"fdf1de5935b925e3824ff394d74ed00ea4227cfb"}
,"/Users/michelle.gu/IdeaProjects/onboarding-ui/src/jsx/Timeline.jsx": {"path":"/Users/michelle.gu/IdeaProjects/onboarding-ui/src/jsx/Timeline.jsx","statementMap":{"0":{"start":{"line":7,"column":6},"end":{"line":7,"column":14}},"1":{"start":{"line":11,"column":6},"end":{"line":19,"column":9}},"2":{"start":{"line":12,"column":8},"end":{"line":18,"column":39}},"3":{"start":{"line":23,"column":6},"end":{"line":27,"column":8}}},"fnMap":{"0":{"name":"(anonymous_0)","decl":{"start":{"line":6,"column":4},"end":{"line":6,"column":5}},"loc":{"start":{"line":6,"column":18},"end":{"line":8,"column":5}},"line":6},"1":{"name":"(anonymous_1)","decl":{"start":{"line":10,"column":4},"end":{"line":10,"column":5}},"loc":{"start":{"line":10,"column":20},"end":{"line":20,"column":5}},"line":10},"2":{"name":"(anonymous_2)","decl":{"start":{"line":11,"column":37},"end":{"line":11,"column":38}},"loc":{"start":{"line":11,"column":54},"end":{"line":19,"column":7}},"line":11},"3":{"name":"(anonymous_3)","decl":{"start":{"line":22,"column":4},"end":{"line":22,"column":5}},"loc":{"start":{"line":22,"column":13},"end":{"line":28,"column":5}},"line":22}},"branchMap":{},"s":{"0":0,"1":0,"2":0,"3":0},"f":{"0":0,"1":0,"2":0,"3":0},"b":{},"_coverageSchema":"43e27e138ebf9cfc5966b082cf9a028302ed4184","hash":"f8ce6a9e31338f14e323672652aa7736b406f1db"}
}
