TN:
SF:/Users/michelle.gu/IdeaProjects/onboarding-ui/src/utils.js
FN:3,fetchTimeline
FN:6,(anonymous_1)
FN:12,(anonymous_2)
FNF:3
FNH:1
FNDA:3,fetchTimeline
FNDA:0,(anonymous_1)
FNDA:0,(anonymous_2)
DA:4,3
DA:5,3
DA:6,3
DA:7,0
DA:8,0
DA:9,0
DA:12,3
DA:13,0
DA:14,0
DA:16,3
LF:10
LH:5
BRDA:7,0,0,0
BRDA:7,0,1,0
BRDA:7,1,0,0
BRDA:7,1,1,0
BRF:4
BRH:0
end_of_record
TN:
SF:/Users/michelle.gu/IdeaProjects/onboarding-ui/src/jsx/App.jsx
FN:7,(anonymous_0)
FN:16,(anonymous_1)
FN:20,(anonymous_2)
FN:21,(anonymous_3)
FN:26,(anonymous_4)
FN:32,(anonymous_5)
FNF:6
FNH:3
FNDA:3,(anonymous_0)
FNDA:3,(anonymous_1)
FNDA:0,(anonymous_2)
FNDA:0,(anonymous_3)
FNDA:3,(anonymous_4)
FNDA:0,(anonymous_5)
DA:8,3
DA:9,3
DA:13,3
DA:17,3
DA:21,0
DA:22,0
DA:27,3
DA:32,0
LF:8
LH:5
BRF:0
BRH:0
end_of_record
TN:
SF:/Users/michelle.gu/IdeaProjects/onboarding-ui/src/jsx/Post.jsx
FN:7,(anonymous_0)
FN:13,(anonymous_1)
FNF:2
FNH:2
FNDA:1,(anonymous_0)
FNDA:1,(anonymous_1)
DA:3,2
DA:8,1
DA:10,1
DA:14,1
LF:4
LH:4
BRF:0
BRH:0
end_of_record
TN:
SF:/Users/michelle.gu/IdeaProjects/onboarding-ui/src/jsx/Timeline.jsx
FN:6,(anonymous_0)
FN:10,(anonymous_1)
FN:11,(anonymous_2)
FN:22,(anonymous_3)
FNF:4
FNH:0
FNDA:0,(anonymous_0)
FNDA:0,(anonymous_1)
FNDA:0,(anonymous_2)
FNDA:0,(anonymous_3)
DA:7,0
DA:11,0
DA:12,0
DA:23,0
LF:4
LH:0
BRF:0
BRH:0
end_of_record
